  AirControlX.cpp
  main.cpp
  Generating Code...
C:\Users\HP\source\repos\OS-Project\OS-Project\AirControlX.h(21,8): warning C4099: 'Airline': type name first seen using 'class' now seen using 'struct'
  (compiling source file 'AirControlX.cpp')
      C:\Users\HP\source\repos\OS-Project\OS-Project\AirControlX.h(21,8):
      see declaration of 'Airline'
  
C:\Users\HP\source\repos\OS-Project\OS-Project\AirControlX.h(34,8): warning C4099: 'Runway': type name first seen using 'class' now seen using 'struct'
  (compiling source file 'AirControlX.cpp')
      C:\Users\HP\source\repos\OS-Project\OS-Project\AirControlX.h(34,8):
      see declaration of 'Runway'
  
C:\Users\HP\source\repos\OS-Project\OS-Project\AirControlX.h(45,8): warning C4099: 'Aircraft': type name first seen using 'class' now seen using 'struct'
  (compiling source file 'AirControlX.cpp')
      C:\Users\HP\source\repos\OS-Project\OS-Project\AirControlX.h(45,8):
      see declaration of 'Aircraft'
  
C:\Users\HP\source\repos\OS-Project\OS-Project\AirControlX.h(62,8): warning C4099: 'AVN': type name first seen using 'class' now seen using 'struct'
  (compiling source file 'AirControlX.cpp')
      C:\Users\HP\source\repos\OS-Project\OS-Project\AirControlX.h(62,8):
      see declaration of 'AVN'
  
C:\Users\HP\source\repos\OS-Project\OS-Project\AirControlX.h(21,8): warning C4099: 'Airline': type name first seen using 'class' now seen using 'struct'
  (compiling source file 'main.cpp')
      C:\Users\HP\source\repos\OS-Project\OS-Project\AirControlX.h(21,8):
      see declaration of 'Airline'
  
C:\Users\HP\source\repos\OS-Project\OS-Project\AirControlX.h(34,8): warning C4099: 'Runway': type name first seen using 'class' now seen using 'struct'
  (compiling source file 'main.cpp')
      C:\Users\HP\source\repos\OS-Project\OS-Project\AirControlX.h(34,8):
      see declaration of 'Runway'
  
C:\Users\HP\source\repos\OS-Project\OS-Project\AirControlX.h(45,8): warning C4099: 'Aircraft': type name first seen using 'class' now seen using 'struct'
  (compiling source file 'main.cpp')
      C:\Users\HP\source\repos\OS-Project\OS-Project\AirControlX.h(45,8):
      see declaration of 'Aircraft'
  
C:\Users\HP\source\repos\OS-Project\OS-Project\AirControlX.h(62,8): warning C4099: 'AVN': type name first seen using 'class' now seen using 'struct'
  (compiling source file 'main.cpp')
      C:\Users\HP\source\repos\OS-Project\OS-Project\AirControlX.h(62,8):
      see declaration of 'AVN'
  
  OS-Project.vcxproj -> C:\Users\HP\source\repos\OS-Project\x64\Debug\OS-Project.exe
